<?xml version="1.0" encoding="UTF-8"?>
<testsuite xmlns:xsi="http://www.w3.org/2001/XMLSchema-instance" xsi:noNamespaceSchemaLocation="https://maven.apache.org/surefire/maven-surefire-plugin/xsd/surefire-test-report-3.0.xsd" version="3.0" name="com.hrms.runners.SmokeRunner" time="109.089" tests="10" errors="0" skipped="0" failures="0">
  <properties>
    <property name="java.specification.version" value="15"/>
    <property name="sun.cpu.isalist" value="amd64"/>
    <property name="sun.jnu.encoding" value="Cp1252"/>
    <property name="java.class.path" value="C:\Users\rucha\eclipse-workspace\cucumber_Asel\target\test-classes;C:\Users\rucha\eclipse-workspace\cucumber_Asel\target\classes;C:\Users\rucha\.m2\repository\io\cucumber\cucumber-java\6.6.0\cucumber-java-6.6.0.jar;C:\Users\rucha\.m2\repository\io\cucumber\cucumber-core\6.6.0\cucumber-core-6.6.0.jar;C:\Users\rucha\.m2\repository\io\cucumber\cucumber-gherkin\6.6.0\cucumber-gherkin-6.6.0.jar;C:\Users\rucha\.m2\repository\io\cucumber\cucumber-gherkin-messages\6.6.0\cucumber-gherkin-messages-6.6.0.jar;C:\Users\rucha\.m2\repository\io\cucumber\messages\13.0.1\messages-13.0.1.jar;C:\Users\rucha\.m2\repository\io\cucumber\tag-expressions\3.0.0\tag-expressions-3.0.0.jar;C:\Users\rucha\.m2\repository\io\cucumber\cucumber-expressions\10.3.0\cucumber-expressions-10.3.0.jar;C:\Users\rucha\.m2\repository\io\cucumber\datatable\3.4.0\datatable-3.4.0.jar;C:\Users\rucha\.m2\repository\io\cucumber\cucumber-plugin\6.6.0\cucumber-plugin-6.6.0.jar;C:\Users\rucha\.m2\repository\io\cucumber\docstring\6.6.0\docstring-6.6.0.jar;C:\Users\rucha\.m2\repository\io\cucumber\html-formatter\9.0.0\html-formatter-9.0.0.jar;C:\Users\rucha\.m2\repository\io\cucumber\create-meta\2.0.1\create-meta-2.0.1.jar;C:\Users\rucha\.m2\repository\org\apiguardian\apiguardian-api\1.1.0\apiguardian-api-1.1.0.jar;C:\Users\rucha\.m2\repository\io\cucumber\cucumber-junit\6.6.0\cucumber-junit-6.6.0.jar;C:\Users\rucha\.m2\repository\junit\junit\4.13\junit-4.13.jar;C:\Users\rucha\.m2\repository\org\hamcrest\hamcrest-core\1.3\hamcrest-core-1.3.jar;C:\Users\rucha\.m2\repository\commons-io\commons-io\2.6\commons-io-2.6.jar;C:\Users\rucha\.m2\repository\org\seleniumhq\selenium\selenium-java\3.141.59\selenium-java-3.141.59.jar;C:\Users\rucha\.m2\repository\org\seleniumhq\selenium\selenium-api\3.141.59\selenium-api-3.141.59.jar;C:\Users\rucha\.m2\repository\org\seleniumhq\selenium\selenium-chrome-driver\3.141.59\selenium-chrome-driver-3.141.59.jar;C:\Users\rucha\.m2\repository\org\seleniumhq\selenium\selenium-edge-driver\3.141.59\selenium-edge-driver-3.141.59.jar;C:\Users\rucha\.m2\repository\org\seleniumhq\selenium\selenium-firefox-driver\3.141.59\selenium-firefox-driver-3.141.59.jar;C:\Users\rucha\.m2\repository\org\seleniumhq\selenium\selenium-ie-driver\3.141.59\selenium-ie-driver-3.141.59.jar;C:\Users\rucha\.m2\repository\org\seleniumhq\selenium\selenium-opera-driver\3.141.59\selenium-opera-driver-3.141.59.jar;C:\Users\rucha\.m2\repository\org\seleniumhq\selenium\selenium-remote-driver\3.141.59\selenium-remote-driver-3.141.59.jar;C:\Users\rucha\.m2\repository\org\seleniumhq\selenium\selenium-safari-driver\3.141.59\selenium-safari-driver-3.141.59.jar;C:\Users\rucha\.m2\repository\org\seleniumhq\selenium\selenium-support\3.141.59\selenium-support-3.141.59.jar;C:\Users\rucha\.m2\repository\net\bytebuddy\byte-buddy\1.8.15\byte-buddy-1.8.15.jar;C:\Users\rucha\.m2\repository\org\apache\commons\commons-exec\1.3\commons-exec-1.3.jar;C:\Users\rucha\.m2\repository\com\google\guava\guava\25.0-jre\guava-25.0-jre.jar;C:\Users\rucha\.m2\repository\com\google\code\findbugs\jsr305\1.3.9\jsr305-1.3.9.jar;C:\Users\rucha\.m2\repository\org\checkerframework\checker-compat-qual\2.0.0\checker-compat-qual-2.0.0.jar;C:\Users\rucha\.m2\repository\com\google\errorprone\error_prone_annotations\2.1.3\error_prone_annotations-2.1.3.jar;C:\Users\rucha\.m2\repository\com\google\j2objc\j2objc-annotations\1.1\j2objc-annotations-1.1.jar;C:\Users\rucha\.m2\repository\org\codehaus\mojo\animal-sniffer-annotations\1.14\animal-sniffer-annotations-1.14.jar;C:\Users\rucha\.m2\repository\com\squareup\okhttp3\okhttp\3.11.0\okhttp-3.11.0.jar;C:\Users\rucha\.m2\repository\com\squareup\okio\okio\1.14.0\okio-1.14.0.jar;C:\Users\rucha\.m2\repository\io\github\bonigarcia\webdrivermanager\4.2.2\webdrivermanager-4.2.2.jar;C:\Users\rucha\.m2\repository\org\slf4j\slf4j-api\1.7.30\slf4j-api-1.7.30.jar;C:\Users\rucha\.m2\repository\com\google\code\gson\gson\2.8.6\gson-2.8.6.jar;C:\Users\rucha\.m2\repository\org\apache\commons\commons-lang3\3.11\commons-lang3-3.11.jar;C:\Users\rucha\.m2\repository\org\apache\httpcomponents\client5\httpclient5\5.0.1\httpclient5-5.0.1.jar;C:\Users\rucha\.m2\repository\org\apache\httpcomponents\core5\httpcore5\5.0.1\httpcore5-5.0.1.jar;C:\Users\rucha\.m2\repository\org\apache\httpcomponents\core5\httpcore5-h2\5.0.1\httpcore5-h2-5.0.1.jar;C:\Users\rucha\.m2\repository\org\rauschig\jarchivelib\1.1.0\jarchivelib-1.1.0.jar;C:\Users\rucha\.m2\repository\org\apache\commons\commons-compress\1.20\commons-compress-1.20.jar;C:\Users\rucha\.m2\repository\org\jsoup\jsoup\1.13.1\jsoup-1.13.1.jar;C:\Users\rucha\.m2\repository\org\apache\poi\poi\4.1.2\poi-4.1.2.jar;C:\Users\rucha\.m2\repository\commons-codec\commons-codec\1.13\commons-codec-1.13.jar;C:\Users\rucha\.m2\repository\org\apache\commons\commons-collections4\4.4\commons-collections4-4.4.jar;C:\Users\rucha\.m2\repository\org\apache\commons\commons-math3\3.6.1\commons-math3-3.6.1.jar;C:\Users\rucha\.m2\repository\com\zaxxer\SparseBitSet\1.2\SparseBitSet-1.2.jar;"/>
    <property name="java.vm.vendor" value="Oracle Corporation"/>
    <property name="sun.arch.data.model" value="64"/>
    <property name="user.variant" value=""/>
    <property name="java.vendor.url" value="https://java.oracle.com/"/>
    <property name="user.timezone" value="America/Chicago"/>
    <property name="os.name" value="Windows 10"/>
    <property name="java.vm.specification.version" value="15"/>
    <property name="sun.java.launcher" value="SUN_STANDARD"/>
    <property name="user.country" value="US"/>
    <property name="sun.boot.library.path" value="C:\Users\rucha\.jdks\openjdk-15.0.1\bin"/>
    <property name="sun.java.command" value="C:\Users\rucha\AppData\Local\Temp\surefire11653475731925568848\surefirebooter5983875212224854964.jar C:\Users\rucha\AppData\Local\Temp\surefire11653475731925568848 2021-01-22T12-25-05_944-jvmRun1 surefire972561317055786709tmp surefire_06724900992082020707tmp"/>
    <property name="jdk.debug" value="release"/>
    <property name="surefire.test.class.path" value="C:\Users\rucha\eclipse-workspace\cucumber_Asel\target\test-classes;C:\Users\rucha\eclipse-workspace\cucumber_Asel\target\classes;C:\Users\rucha\.m2\repository\io\cucumber\cucumber-java\6.6.0\cucumber-java-6.6.0.jar;C:\Users\rucha\.m2\repository\io\cucumber\cucumber-core\6.6.0\cucumber-core-6.6.0.jar;C:\Users\rucha\.m2\repository\io\cucumber\cucumber-gherkin\6.6.0\cucumber-gherkin-6.6.0.jar;C:\Users\rucha\.m2\repository\io\cucumber\cucumber-gherkin-messages\6.6.0\cucumber-gherkin-messages-6.6.0.jar;C:\Users\rucha\.m2\repository\io\cucumber\messages\13.0.1\messages-13.0.1.jar;C:\Users\rucha\.m2\repository\io\cucumber\tag-expressions\3.0.0\tag-expressions-3.0.0.jar;C:\Users\rucha\.m2\repository\io\cucumber\cucumber-expressions\10.3.0\cucumber-expressions-10.3.0.jar;C:\Users\rucha\.m2\repository\io\cucumber\datatable\3.4.0\datatable-3.4.0.jar;C:\Users\rucha\.m2\repository\io\cucumber\cucumber-plugin\6.6.0\cucumber-plugin-6.6.0.jar;C:\Users\rucha\.m2\repository\io\cucumber\docstring\6.6.0\docstring-6.6.0.jar;C:\Users\rucha\.m2\repository\io\cucumber\html-formatter\9.0.0\html-formatter-9.0.0.jar;C:\Users\rucha\.m2\repository\io\cucumber\create-meta\2.0.1\create-meta-2.0.1.jar;C:\Users\rucha\.m2\repository\org\apiguardian\apiguardian-api\1.1.0\apiguardian-api-1.1.0.jar;C:\Users\rucha\.m2\repository\io\cucumber\cucumber-junit\6.6.0\cucumber-junit-6.6.0.jar;C:\Users\rucha\.m2\repository\junit\junit\4.13\junit-4.13.jar;C:\Users\rucha\.m2\repository\org\hamcrest\hamcrest-core\1.3\hamcrest-core-1.3.jar;C:\Users\rucha\.m2\repository\commons-io\commons-io\2.6\commons-io-2.6.jar;C:\Users\rucha\.m2\repository\org\seleniumhq\selenium\selenium-java\3.141.59\selenium-java-3.141.59.jar;C:\Users\rucha\.m2\repository\org\seleniumhq\selenium\selenium-api\3.141.59\selenium-api-3.141.59.jar;C:\Users\rucha\.m2\repository\org\seleniumhq\selenium\selenium-chrome-driver\3.141.59\selenium-chrome-driver-3.141.59.jar;C:\Users\rucha\.m2\repository\org\seleniumhq\selenium\selenium-edge-driver\3.141.59\selenium-edge-driver-3.141.59.jar;C:\Users\rucha\.m2\repository\org\seleniumhq\selenium\selenium-firefox-driver\3.141.59\selenium-firefox-driver-3.141.59.jar;C:\Users\rucha\.m2\repository\org\seleniumhq\selenium\selenium-ie-driver\3.141.59\selenium-ie-driver-3.141.59.jar;C:\Users\rucha\.m2\repository\org\seleniumhq\selenium\selenium-opera-driver\3.141.59\selenium-opera-driver-3.141.59.jar;C:\Users\rucha\.m2\repository\org\seleniumhq\selenium\selenium-remote-driver\3.141.59\selenium-remote-driver-3.141.59.jar;C:\Users\rucha\.m2\repository\org\seleniumhq\selenium\selenium-safari-driver\3.141.59\selenium-safari-driver-3.141.59.jar;C:\Users\rucha\.m2\repository\org\seleniumhq\selenium\selenium-support\3.141.59\selenium-support-3.141.59.jar;C:\Users\rucha\.m2\repository\net\bytebuddy\byte-buddy\1.8.15\byte-buddy-1.8.15.jar;C:\Users\rucha\.m2\repository\org\apache\commons\commons-exec\1.3\commons-exec-1.3.jar;C:\Users\rucha\.m2\repository\com\google\guava\guava\25.0-jre\guava-25.0-jre.jar;C:\Users\rucha\.m2\repository\com\google\code\findbugs\jsr305\1.3.9\jsr305-1.3.9.jar;C:\Users\rucha\.m2\repository\org\checkerframework\checker-compat-qual\2.0.0\checker-compat-qual-2.0.0.jar;C:\Users\rucha\.m2\repository\com\google\errorprone\error_prone_annotations\2.1.3\error_prone_annotations-2.1.3.jar;C:\Users\rucha\.m2\repository\com\google\j2objc\j2objc-annotations\1.1\j2objc-annotations-1.1.jar;C:\Users\rucha\.m2\repository\org\codehaus\mojo\animal-sniffer-annotations\1.14\animal-sniffer-annotations-1.14.jar;C:\Users\rucha\.m2\repository\com\squareup\okhttp3\okhttp\3.11.0\okhttp-3.11.0.jar;C:\Users\rucha\.m2\repository\com\squareup\okio\okio\1.14.0\okio-1.14.0.jar;C:\Users\rucha\.m2\repository\io\github\bonigarcia\webdrivermanager\4.2.2\webdrivermanager-4.2.2.jar;C:\Users\rucha\.m2\repository\org\slf4j\slf4j-api\1.7.30\slf4j-api-1.7.30.jar;C:\Users\rucha\.m2\repository\com\google\code\gson\gson\2.8.6\gson-2.8.6.jar;C:\Users\rucha\.m2\repository\org\apache\commons\commons-lang3\3.11\commons-lang3-3.11.jar;C:\Users\rucha\.m2\repository\org\apache\httpcomponents\client5\httpclient5\5.0.1\httpclient5-5.0.1.jar;C:\Users\rucha\.m2\repository\org\apache\httpcomponents\core5\httpcore5\5.0.1\httpcore5-5.0.1.jar;C:\Users\rucha\.m2\repository\org\apache\httpcomponents\core5\httpcore5-h2\5.0.1\httpcore5-h2-5.0.1.jar;C:\Users\rucha\.m2\repository\org\rauschig\jarchivelib\1.1.0\jarchivelib-1.1.0.jar;C:\Users\rucha\.m2\repository\org\apache\commons\commons-compress\1.20\commons-compress-1.20.jar;C:\Users\rucha\.m2\repository\org\jsoup\jsoup\1.13.1\jsoup-1.13.1.jar;C:\Users\rucha\.m2\repository\org\apache\poi\poi\4.1.2\poi-4.1.2.jar;C:\Users\rucha\.m2\repository\commons-codec\commons-codec\1.13\commons-codec-1.13.jar;C:\Users\rucha\.m2\repository\org\apache\commons\commons-collections4\4.4\commons-collections4-4.4.jar;C:\Users\rucha\.m2\repository\org\apache\commons\commons-math3\3.6.1\commons-math3-3.6.1.jar;C:\Users\rucha\.m2\repository\com\zaxxer\SparseBitSet\1.2\SparseBitSet-1.2.jar;"/>
    <property name="sun.cpu.endian" value="little"/>
    <property name="user.home" value="C:\Users\rucha"/>
    <property name="user.language" value="en"/>
    <property name="java.specification.vendor" value="Oracle Corporation"/>
    <property name="java.version.date" value="2020-10-20"/>
    <property name="java.home" value="C:\Users\rucha\.jdks\openjdk-15.0.1"/>
    <property name="file.separator" value="\"/>
    <property name="basedir" value="C:\Users\rucha\eclipse-workspace\cucumber_Asel"/>
    <property name="java.vm.compressedOopsMode" value="32-bit"/>
    <property name="line.separator" value="&#10;"/>
    <property name="java.vm.specification.vendor" value="Oracle Corporation"/>
    <property name="java.specification.name" value="Java Platform API Specification"/>
    <property name="surefire.real.class.path" value="C:\Users\rucha\AppData\Local\Temp\surefire11653475731925568848\surefirebooter5983875212224854964.jar"/>
    <property name="user.script" value=""/>
    <property name="sun.management.compiler" value="HotSpot 64-Bit Tiered Compilers"/>
    <property name="java.runtime.version" value="15.0.1+9-18"/>
    <property name="user.name" value="rucha"/>
    <property name="path.separator" value=";"/>
    <property name="os.version" value="10.0"/>
    <property name="java.runtime.name" value="OpenJDK Runtime Environment"/>
    <property name="file.encoding" value="Cp1252"/>
    <property name="java.vm.name" value="OpenJDK 64-Bit Server VM"/>
    <property name="localRepository" value="C:\Users\rucha\.m2\repository"/>
    <property name="java.vendor.url.bug" value="https://bugreport.java.com/bugreport/"/>
    <property name="java.io.tmpdir" value="C:\Users\rucha\AppData\Local\Temp\"/>
    <property name="idea.version" value="2020.2.3"/>
    <property name="java.version" value="15.0.1"/>
    <property name="user.dir" value="C:\Users\rucha\eclipse-workspace\cucumber_Asel"/>
    <property name="os.arch" value="amd64"/>
    <property name="java.vm.specification.name" value="Java Virtual Machine Specification"/>
    <property name="sun.os.patch.level" value=""/>
    <property name="java.library.path" value="C:\Users\rucha\.jdks\openjdk-15.0.1\bin;C:\WINDOWS\Sun\Java\bin;C:\WINDOWS\system32;C:\WINDOWS;C:\Program Files (x86)\Common Files\Oracle\Java\javapath;C:\Program Files (x86)\Intel\iCLS Client\;C:\Program Files\Intel\iCLS Client\;C:\WINDOWS\system32;C:\WINDOWS;C:\WINDOWS\System32\Wbem;C:\WINDOWS\System32\WindowsPowerShell\v1.0\;C:\Program Files (x86)\Skype\Phone\;C:\Program Files (x86)\Intel\Intel(R) Management Engine Components\DAL;C:\Program Files\Intel\Intel(R) Management Engine Components\DAL;C:\Program Files (x86)\Intel\Intel(R) Management Engine Components\IPT;C:\Program Files\Intel\Intel(R) Management Engine Components\IPT;C:\WINDOWS\System32\OpenSSH\;C:\Program Files\Java\jdk1.8.0_261\bin;C:\Program Files\Git\cmd;C:\Users\rucha\OneDrive\Documents\SYNTAX Docs\Maven\apache-maven-3.6.3\bin;C:\Users\rucha\AppData\Local\Microsoft\WindowsApps;;."/>
    <property name="java.vm.info" value="mixed mode, sharing"/>
    <property name="java.vendor" value="Oracle Corporation"/>
    <property name="java.vm.version" value="15.0.1+9-18"/>
    <property name="sun.io.unicode.encoding" value="UnicodeLittle"/>
    <property name="java.class.version" value="59.0"/>
  </properties>
  <testcase name="Negative Sceneario Add employee without name and lastname" classname="Add Employee" time="16.101">
    <system-out><![CDATA[
@addemployee @smoke
Scenario: Negative Sceneario Add employee without name and lastname &amp#27;[90m# src/test/resources/features/AddEmploye.feature:20&amp#27;[0m
Scenario startingNegative Sceneario Add employee without name and lastname
  &amp#27;[32mGiven &amp#27;[0m&amp#27;[32mI logged into HRMS&amp#27;[0m                                          &amp#27;[90m# com.hrms.stepDefinitions.AddEmployee.I_logged_into_HRMS()&amp#27;[0m
  &amp#27;[32mWhen &amp#27;[0m&amp#27;[32mI naviate to AddEmployee Page&amp#27;[0m                                &amp#27;[90m# com.hrms.stepDefinitions.AddEmployee.i_naviate_to_add_employee_page()&amp#27;[0m
  &amp#27;[32mThen &amp#27;[0m&amp#27;[32mI click save btn&amp#27;[0m                                             &amp#27;[90m# com.hrms.stepDefinitions.AddEmployee.i_click_save_btn()&amp#27;[0m
  &amp#27;[32mThen &amp#27;[0m&amp#27;[32mI see required error message&amp#27;[0m                                 &amp#27;[90m# com.hrms.stepDefinitions.AddEmployee.I_see_required_error_message()&amp#27;[0m
Ending scenarioNegative Sceneario Add employee without name and lastname

    Embedding Negative Sceneario Add employee without name and lastname [image/png 68611 bytes]

]]></system-out>
    <system-err><![CDATA[SLF4J: Failed to load class "org.slf4j.impl.StaticLoggerBinder".
SLF4J: Defaulting to no-operation (NOP) logger implementation
SLF4J: See http://www.slf4j.org/codes.html#StaticLoggerBinder for further details.
Starting ChromeDriver 87.0.4280.88 (89e2380a3e36c3464b5dd1302349b1382549290d-refs/branch-heads/4280@{#1761}) on port 37948
Only local connections are allowed.
Please see https://chromedriver.chromium.org/security-considerations for suggestions on keeping ChromeDriver safe.
ChromeDriver was started successfully.
Jan 22, 2021 12:25:19 PM org.openqa.selenium.remote.ProtocolHandshake createSession
INFO: Detected dialect: W3C
]]></system-err>
  </testcase>
  <testcase name="Adding multiple Employees #1" classname="Add Employee" time="15.587">
    <system-out><![CDATA[
@addemployee @smoke
Scenario Outline: Adding multiple Employees                       &amp#27;[90m# src/test/resources/features/AddEmploye.feature:38&amp#27;[0m
Scenario startingAdding multiple Employees
  &amp#27;[32mGiven &amp#27;[0m&amp#27;[32mI logged into HRMS&amp#27;[0m                                        &amp#27;[90m# com.hrms.stepDefinitions.AddEmployee.I_logged_into_HRMS()&amp#27;[0m
  &amp#27;[32mWhen &amp#27;[0m&amp#27;[32mI naviate to AddEmployee Page&amp#27;[0m                              &amp#27;[90m# com.hrms.stepDefinitions.AddEmployee.i_naviate_to_add_employee_page()&amp#27;[0m
  &amp#27;[32mWhen &amp#27;[0m&amp#27;[32mI add first &amp#27;[0m&amp#27;[32m&amp#27;[1m"Jon"&amp#27;[0m&amp#27;[32m middle &amp#27;[0m&amp#27;[32m&amp#27;[1m"Simit"&amp#27;[0m&amp#27;[32m and &amp#27;[0m&amp#27;[32m&amp#27;[1m"Simit"&amp#27;[0m               &amp#27;[90m# com.hrms.stepDefinitions.AddEmployee.I_add_first___middle__and_(java.lang.String,java.lang.String,java.lang.String)&amp#27;[0m
  &amp#27;[32mAnd &amp#27;[0m&amp#27;[32mI click save btn&amp#27;[0m                                            &amp#27;[90m# com.hrms.stepDefinitions.AddEmployee.i_click_save_btn()&amp#27;[0m
  &amp#27;[32mThen &amp#27;[0m&amp#27;[32mI see Employee with &amp#27;[0m&amp#27;[32m&amp#27;[1m"Jon"&amp#27;[0m&amp#27;[32m &amp#27;[0m&amp#27;[32m&amp#27;[1m"Simit"&amp#27;[0m&amp#27;[32m and &amp#27;[0m&amp#27;[32m&amp#27;[1m"Simit"&amp#27;[0m&amp#27;[32m is displayed&amp#27;[0m &amp#27;[90m# com.hrms.stepDefinitions.AddEmployee.I_see_Employee_with___and__is_displayed(java.lang.String,java.lang.String,java.lang.String)&amp#27;[0m
Ending scenarioAdding multiple Employees

    Embedding Adding multiple Employees [image/png 116542 bytes]

]]></system-out>
    <system-err><![CDATA[Starting ChromeDriver 87.0.4280.88 (89e2380a3e36c3464b5dd1302349b1382549290d-refs/branch-heads/4280@{#1761}) on port 39371
Only local connections are allowed.
Please see https://chromedriver.chromium.org/security-considerations for suggestions on keeping ChromeDriver safe.
ChromeDriver was started successfully.
Jan 22, 2021 12:25:30 PM org.openqa.selenium.remote.ProtocolHandshake createSession
INFO: Detected dialect: W3C
]]></system-err>
  </testcase>
  <testcase name="Adding multiple Employees #2" classname="Add Employee" time="13.293">
    <system-out><![CDATA[
@addemployee @smoke
Scenario Outline: Adding multiple Employees                          &amp#27;[90m# src/test/resources/features/AddEmploye.feature:39&amp#27;[0m
Scenario startingAdding multiple Employees
  &amp#27;[32mGiven &amp#27;[0m&amp#27;[32mI logged into HRMS&amp#27;[0m                                           &amp#27;[90m# com.hrms.stepDefinitions.AddEmployee.I_logged_into_HRMS()&amp#27;[0m
  &amp#27;[32mWhen &amp#27;[0m&amp#27;[32mI naviate to AddEmployee Page&amp#27;[0m                                 &amp#27;[90m# com.hrms.stepDefinitions.AddEmployee.i_naviate_to_add_employee_page()&amp#27;[0m
  &amp#27;[32mWhen &amp#27;[0m&amp#27;[32mI add first &amp#27;[0m&amp#27;[32m&amp#27;[1m"AliVeli"&amp#27;[0m&amp#27;[32m middle &amp#27;[0m&amp#27;[32m&amp#27;[1m"Deliz"&amp#27;[0m&amp#27;[32m and &amp#27;[0m&amp#27;[32m&amp#27;[1m"Zeli"&amp#27;[0m               &amp#27;[90m# com.hrms.stepDefinitions.AddEmployee.I_add_first___middle__and_(java.lang.String,java.lang.String,java.lang.String)&amp#27;[0m
  &amp#27;[32mAnd &amp#27;[0m&amp#27;[32mI click save btn&amp#27;[0m                                               &amp#27;[90m# com.hrms.stepDefinitions.AddEmployee.i_click_save_btn()&amp#27;[0m
  &amp#27;[32mThen &amp#27;[0m&amp#27;[32mI see Employee with &amp#27;[0m&amp#27;[32m&amp#27;[1m"AliVeli"&amp#27;[0m&amp#27;[32m &amp#27;[0m&amp#27;[32m&amp#27;[1m"Deliz"&amp#27;[0m&amp#27;[32m and &amp#27;[0m&amp#27;[32m&amp#27;[1m"Zeli"&amp#27;[0m&amp#27;[32m is displayed&amp#27;[0m &amp#27;[90m# com.hrms.stepDefinitions.AddEmployee.I_see_Employee_with___and__is_displayed(java.lang.String,java.lang.String,java.lang.String)&amp#27;[0m
Ending scenarioAdding multiple Employees

    Embedding Adding multiple Employees [image/png 116797 bytes]

]]></system-out>
    <system-err><![CDATA[Starting ChromeDriver 87.0.4280.88 (89e2380a3e36c3464b5dd1302349b1382549290d-refs/branch-heads/4280@{#1761}) on port 14187
Only local connections are allowed.
Please see https://chromedriver.chromium.org/security-considerations for suggestions on keeping ChromeDriver safe.
ChromeDriver was started successfully.
Jan 22, 2021 12:25:47 PM org.openqa.selenium.remote.ProtocolHandshake createSession
INFO: Detected dialect: W3C
]]></system-err>
  </testcase>
  <testcase name="Adding multiple Employees #3" classname="Add Employee" time="13.647">
    <system-out><![CDATA[
@addemployee @smoke
Scenario Outline: Adding multiple Employees                      &amp#27;[90m# src/test/resources/features/AddEmploye.feature:40&amp#27;[0m
Scenario startingAdding multiple Employees
  &amp#27;[32mGiven &amp#27;[0m&amp#27;[32mI logged into HRMS&amp#27;[0m                                       &amp#27;[90m# com.hrms.stepDefinitions.AddEmployee.I_logged_into_HRMS()&amp#27;[0m
  &amp#27;[32mWhen &amp#27;[0m&amp#27;[32mI naviate to AddEmployee Page&amp#27;[0m                             &amp#27;[90m# com.hrms.stepDefinitions.AddEmployee.i_naviate_to_add_employee_page()&amp#27;[0m
  &amp#27;[32mWhen &amp#27;[0m&amp#27;[32mI add first &amp#27;[0m&amp#27;[32m&amp#27;[1m"Keli"&amp#27;[0m&amp#27;[32m middle &amp#27;[0m&amp#27;[32m&amp#27;[1m"Deli"&amp#27;[0m&amp#27;[32m and &amp#27;[0m&amp#27;[32m&amp#27;[1m"Zoli"&amp#27;[0m               &amp#27;[90m# com.hrms.stepDefinitions.AddEmployee.I_add_first___middle__and_(java.lang.String,java.lang.String,java.lang.String)&amp#27;[0m
  &amp#27;[32mAnd &amp#27;[0m&amp#27;[32mI click save btn&amp#27;[0m                                           &amp#27;[90m# com.hrms.stepDefinitions.AddEmployee.i_click_save_btn()&amp#27;[0m
  &amp#27;[32mThen &amp#27;[0m&amp#27;[32mI see Employee with &amp#27;[0m&amp#27;[32m&amp#27;[1m"Keli"&amp#27;[0m&amp#27;[32m &amp#27;[0m&amp#27;[32m&amp#27;[1m"Deli"&amp#27;[0m&amp#27;[32m and &amp#27;[0m&amp#27;[32m&amp#27;[1m"Zoli"&amp#27;[0m&amp#27;[32m is displayed&amp#27;[0m &amp#27;[90m# com.hrms.stepDefinitions.AddEmployee.I_see_Employee_with___and__is_displayed(java.lang.String,java.lang.String,java.lang.String)&amp#27;[0m
Ending scenarioAdding multiple Employees

    Embedding Adding multiple Employees [image/png 115665 bytes]

]]></system-out>
    <system-err><![CDATA[Starting ChromeDriver 87.0.4280.88 (89e2380a3e36c3464b5dd1302349b1382549290d-refs/branch-heads/4280@{#1761}) on port 38524
Only local connections are allowed.
Please see https://chromedriver.chromium.org/security-considerations for suggestions on keeping ChromeDriver safe.
ChromeDriver was started successfully.
Jan 22, 2021 12:25:59 PM org.openqa.selenium.remote.ProtocolHandshake createSession
INFO: Detected dialect: W3C
]]></system-err>
  </testcase>
  <testcase name="Adding multiple Employees #4" classname="Add Employee" time="12.081">
    <system-out><![CDATA[
@addemployee @smoke
Scenario Outline: Adding multiple Employees                            &amp#27;[90m# src/test/resources/features/AddEmploye.feature:41&amp#27;[0m
Scenario startingAdding multiple Employees
  &amp#27;[32mGiven &amp#27;[0m&amp#27;[32mI logged into HRMS&amp#27;[0m                                             &amp#27;[90m# com.hrms.stepDefinitions.AddEmployee.I_logged_into_HRMS()&amp#27;[0m
  &amp#27;[32mWhen &amp#27;[0m&amp#27;[32mI naviate to AddEmployee Page&amp#27;[0m                                   &amp#27;[90m# com.hrms.stepDefinitions.AddEmployee.i_naviate_to_add_employee_page()&amp#27;[0m
  &amp#27;[32mWhen &amp#27;[0m&amp#27;[32mI add first &amp#27;[0m&amp#27;[32m&amp#27;[1m"Concona"&amp#27;[0m&amp#27;[32m middle &amp#27;[0m&amp#27;[32m&amp#27;[1m"Middle"&amp#27;[0m&amp#27;[32m and &amp#27;[0m&amp#27;[32m&amp#27;[1m"Zeyno"&amp#27;[0m               &amp#27;[90m# com.hrms.stepDefinitions.AddEmployee.I_add_first___middle__and_(java.lang.String,java.lang.String,java.lang.String)&amp#27;[0m
  &amp#27;[32mAnd &amp#27;[0m&amp#27;[32mI click save btn&amp#27;[0m                                                 &amp#27;[90m# com.hrms.stepDefinitions.AddEmployee.i_click_save_btn()&amp#27;[0m
  &amp#27;[32mThen &amp#27;[0m&amp#27;[32mI see Employee with &amp#27;[0m&amp#27;[32m&amp#27;[1m"Concona"&amp#27;[0m&amp#27;[32m &amp#27;[0m&amp#27;[32m&amp#27;[1m"Middle"&amp#27;[0m&amp#27;[32m and &amp#27;[0m&amp#27;[32m&amp#27;[1m"Zeyno"&amp#27;[0m&amp#27;[32m is displayed&amp#27;[0m &amp#27;[90m# com.hrms.stepDefinitions.AddEmployee.I_see_Employee_with___and__is_displayed(java.lang.String,java.lang.String,java.lang.String)&amp#27;[0m
Ending scenarioAdding multiple Employees

    Embedding Adding multiple Employees [image/png 118761 bytes]

]]></system-out>
    <system-err><![CDATA[Starting ChromeDriver 87.0.4280.88 (89e2380a3e36c3464b5dd1302349b1382549290d-refs/branch-heads/4280@{#1761}) on port 29019
Only local connections are allowed.
Please see https://chromedriver.chromium.org/security-considerations for suggestions on keeping ChromeDriver safe.
ChromeDriver was started successfully.
Jan 22, 2021 12:26:13 PM org.openqa.selenium.remote.ProtocolHandshake createSession
INFO: Detected dialect: W3C
]]></system-err>
  </testcase>
  <testcase name="invalid login" classname="Login" time="8.153">
    <system-out><![CDATA[
@sprint1 @login @smoke
Scenario: invalid login                                              &amp#27;[90m# src/test/resources/features/Login.feature:13&amp#27;[0m
Scenario startinginvalid login
  &amp#27;[32mWhen &amp#27;[0m&amp#27;[32mI enter invalid &amp#27;[0m&amp#27;[32m&amp#27;[1m"Burju_Invalid_User"&amp#27;[0m&amp#27;[32m and &amp#27;[0m&amp#27;[32m&amp#27;[1m"Burju_Invalid_User"&amp#27;[0m &amp#27;[90m# com.hrms.stepDefinitions.Login.I_enter_invalid_and_(java.lang.String,java.lang.String)&amp#27;[0m
  &amp#27;[32mThen &amp#27;[0m&amp#27;[32mI click login btn&amp#27;[0m                                             &amp#27;[90m# com.hrms.stepDefinitions.Login.i_click_login_btn()&amp#27;[0m
  &amp#27;[32mAnd &amp#27;[0m&amp#27;[32mI should see an error message&amp#27;[0m                                  &amp#27;[90m# com.hrms.stepDefinitions.Login.i_should_see_an_error_message()&amp#27;[0m
Ending scenarioinvalid login

    Embedding invalid login [image/png 119990 bytes]

]]></system-out>
    <system-err><![CDATA[Starting ChromeDriver 87.0.4280.88 (89e2380a3e36c3464b5dd1302349b1382549290d-refs/branch-heads/4280@{#1761}) on port 14502
Only local connections are allowed.
Please see https://chromedriver.chromium.org/security-considerations for suggestions on keeping ChromeDriver safe.
ChromeDriver was started successfully.
Jan 22, 2021 12:26:25 PM org.openqa.selenium.remote.ProtocolHandshake createSession
INFO: Detected dialect: W3C
]]></system-err>
  </testcase>
  <testcase name="Invalid Login and message validation #1" classname="Login" time="8.632">
    <system-out><![CDATA[
@sprint1 @login @smoke
Scenario Outline: Invalid Login and message validation &amp#27;[90m# src/test/resources/features/Login.feature:29&amp#27;[0m
Scenario startingInvalid Login and message validation
  &amp#27;[32mWhen &amp#27;[0m&amp#27;[32mI enter &amp#27;[0m&amp#27;[32m&amp#27;[1m"Admin"&amp#27;[0m&amp#27;[32m and &amp#27;[0m&amp#27;[32m&amp#27;[1m"invalidpas"&amp#27;[0m                &amp#27;[90m# com.hrms.stepDefinitions.Login.i_enter_and(java.lang.String,java.lang.String)&amp#27;[0m
  &amp#27;[32mAnd &amp#27;[0m&amp#27;[32mI click login btn&amp#27;[0m                                &amp#27;[90m# com.hrms.stepDefinitions.Login.i_click_login_btn()&amp#27;[0m
  &amp#27;[32mThen &amp#27;[0m&amp#27;[32mI should see an &amp#27;[0m&amp#27;[32m&amp#27;[1m"Invalid credentials"&amp#27;[0m&amp#27;[32m message&amp#27;[0m   &amp#27;[90m# com.hrms.stepDefinitions.Login.i_should_see_an_message(java.lang.String)&amp#27;[0m
Ending scenarioInvalid Login and message validation

    Embedding Invalid Login and message validation [image/png 119990 bytes]

]]></system-out>
    <system-err><![CDATA[Starting ChromeDriver 87.0.4280.88 (89e2380a3e36c3464b5dd1302349b1382549290d-refs/branch-heads/4280@{#1761}) on port 48556
Only local connections are allowed.
Please see https://chromedriver.chromium.org/security-considerations for suggestions on keeping ChromeDriver safe.
ChromeDriver was started successfully.
Jan 22, 2021 12:26:34 PM org.openqa.selenium.remote.ProtocolHandshake createSession
INFO: Detected dialect: W3C
]]></system-err>
  </testcase>
  <testcase name="Invalid Login and message validation #2" classname="Login" time="6.094">
    <system-out><![CDATA[
@sprint1 @login @smoke
Scenario Outline: Invalid Login and message validation    &amp#27;[90m# src/test/resources/features/Login.feature:30&amp#27;[0m
Scenario startingInvalid Login and message validation
  &amp#27;[32mWhen &amp#27;[0m&amp#27;[32mI enter &amp#27;[0m&amp#27;[32m&amp#27;[1m"Admin"&amp#27;[0m&amp#27;[32m and &amp#27;[0m&amp#27;[32m&amp#27;[1m""&amp#27;[0m                             &amp#27;[90m# com.hrms.stepDefinitions.Login.i_enter_and(java.lang.String,java.lang.String)&amp#27;[0m
  &amp#27;[32mAnd &amp#27;[0m&amp#27;[32mI click login btn&amp#27;[0m                                   &amp#27;[90m# com.hrms.stepDefinitions.Login.i_click_login_btn()&amp#27;[0m
  &amp#27;[32mThen &amp#27;[0m&amp#27;[32mI should see an &amp#27;[0m&amp#27;[32m&amp#27;[1m"Password cannot be empty"&amp#27;[0m&amp#27;[32m message&amp#27;[0m &amp#27;[90m# com.hrms.stepDefinitions.Login.i_should_see_an_message(java.lang.String)&amp#27;[0m
Ending scenarioInvalid Login and message validation

    Embedding Invalid Login and message validation [image/png 118994 bytes]

]]></system-out>
    <system-err><![CDATA[Starting ChromeDriver 87.0.4280.88 (89e2380a3e36c3464b5dd1302349b1382549290d-refs/branch-heads/4280@{#1761}) on port 27980
Only local connections are allowed.
Please see https://chromedriver.chromium.org/security-considerations for suggestions on keeping ChromeDriver safe.
ChromeDriver was started successfully.
Jan 22, 2021 12:26:42 PM org.openqa.selenium.remote.ProtocolHandshake createSession
INFO: Detected dialect: W3C
]]></system-err>
  </testcase>
  <testcase name="Invalid Login and message validation #3" classname="Login" time="7.31">
    <system-out><![CDATA[
@sprint1 @login @smoke
Scenario Outline: Invalid Login and message validation    &amp#27;[90m# src/test/resources/features/Login.feature:31&amp#27;[0m
Scenario startingInvalid Login and message validation
  &amp#27;[32mWhen &amp#27;[0m&amp#27;[32mI enter &amp#27;[0m&amp#27;[32m&amp#27;[1m""&amp#27;[0m&amp#27;[32m and &amp#27;[0m&amp#27;[32m&amp#27;[1m"Synt@x123!"&amp#27;[0m                        &amp#27;[90m# com.hrms.stepDefinitions.Login.i_enter_and(java.lang.String,java.lang.String)&amp#27;[0m
  &amp#27;[32mAnd &amp#27;[0m&amp#27;[32mI click login btn&amp#27;[0m                                   &amp#27;[90m# com.hrms.stepDefinitions.Login.i_click_login_btn()&amp#27;[0m
  &amp#27;[32mThen &amp#27;[0m&amp#27;[32mI should see an &amp#27;[0m&amp#27;[32m&amp#27;[1m"Username cannot be empty"&amp#27;[0m&amp#27;[32m message&amp#27;[0m &amp#27;[90m# com.hrms.stepDefinitions.Login.i_should_see_an_message(java.lang.String)&amp#27;[0m
Ending scenarioInvalid Login and message validation

    Embedding Invalid Login and message validation [image/png 118270 bytes]

]]></system-out>
    <system-err><![CDATA[Starting ChromeDriver 87.0.4280.88 (89e2380a3e36c3464b5dd1302349b1382549290d-refs/branch-heads/4280@{#1761}) on port 28982
Only local connections are allowed.
Please see https://chromedriver.chromium.org/security-considerations for suggestions on keeping ChromeDriver safe.
ChromeDriver was started successfully.
Jan 22, 2021 12:26:48 PM org.openqa.selenium.remote.ProtocolHandshake createSession
INFO: Detected dialect: W3C
]]></system-err>
  </testcase>
  <testcase name="Invalid Login and message validation #4" classname="Login" time="6.432">
    <system-out><![CDATA[
@sprint1 @login @smoke
Scenario Outline: Invalid Login and message validation    &amp#27;[90m# src/test/resources/features/Login.feature:32&amp#27;[0m
Scenario startingInvalid Login and message validation
  &amp#27;[32mWhen &amp#27;[0m&amp#27;[32mI enter &amp#27;[0m&amp#27;[32m&amp#27;[1m""&amp#27;[0m&amp#27;[32m and &amp#27;[0m&amp#27;[32m&amp#27;[1m""&amp#27;[0m                                  &amp#27;[90m# com.hrms.stepDefinitions.Login.i_enter_and(java.lang.String,java.lang.String)&amp#27;[0m
  &amp#27;[32mAnd &amp#27;[0m&amp#27;[32mI click login btn&amp#27;[0m                                   &amp#27;[90m# com.hrms.stepDefinitions.Login.i_click_login_btn()&amp#27;[0m
  &amp#27;[32mThen &amp#27;[0m&amp#27;[32mI should see an &amp#27;[0m&amp#27;[32m&amp#27;[1m"Username cannot be empty"&amp#27;[0m&amp#27;[32m message&amp#27;[0m &amp#27;[90m# com.hrms.stepDefinitions.Login.i_should_see_an_message(java.lang.String)&amp#27;[0m
Ending scenarioInvalid Login and message validation

    Embedding Invalid Login and message validation [image/png 117847 bytes]

]]></system-out>
    <system-err><![CDATA[Starting ChromeDriver 87.0.4280.88 (89e2380a3e36c3464b5dd1302349b1382549290d-refs/branch-heads/4280@{#1761}) on port 36878
Only local connections are allowed.
Please see https://chromedriver.chromium.org/security-considerations for suggestions on keeping ChromeDriver safe.
ChromeDriver was started successfully.
Jan 22, 2021 12:26:55 PM org.openqa.selenium.remote.ProtocolHandshake createSession
INFO: Detected dialect: W3C
]]></system-err>
  </testcase>
</testsuite>